finalsharescomBaseAnimation/build/outputs/logs/manifest-merger-debug-report.txt
-- Merging decision tree log ---
manifest
ADDED from src\main\AndroidManifest.xml:2:1-546:12
	xmlns:android
		ADDED from src\main\AndroidManifest.xml:2:11-69
	package
		ADDED from src\main\AndroidManifest.xml:3:5-40
		INJECTED from src\main\AndroidManifest.xml
		INJECTED from src\main\AndroidManifest.xml
	android:versionName
		ADDED from src\main\AndroidManifest.xml:5:5-30
		INJECTED from src\main\AndroidManifest.xml
		INJECTED from src\main\AndroidManifest.xml
	android:versionCode
		ADDED from src\main\AndroidManifest.xml:4:5-29
		INJECTED from src\main\AndroidManifest.xml
		INJECTED from src\main\AndroidManifest.xml
uses-sdk
ADDED from src\main\AndroidManifest.xml:7:5-9:41
MERGED from [MyApplication:finalsharescomBAnim_FilpLibrary:unspecified] AndroidManifest.xml:7:5-9:41
MERGED from [MyApplication:finalsharescomBAnim_ListViewLibrary:unspecified] AndroidManifest.xml:7:5-9:41
MERGED from [com.android.support:appcompat-v7:21.0.0] AndroidManifest.xml:15:5-42
MERGED from [com.android.support:support-v4:21.0.2] AndroidManifest.xml:15:5-42
MERGED from [com.android.support:support-v4:21.0.2] AndroidManifest.xml:15:5-42
MERGED from [com.android.support:appcompat-v7:21.0.0] AndroidManifest.xml:15:5-42
MERGED from [com.android.support:support-v4:21.0.2] AndroidManifest.xml:15:5-42
	android:targetSdkVersion
		ADDED from src\main\AndroidManifest.xml:9:9-38
		INJECTED from src\main\AndroidManifest.xml
		INJECTED from src\main\AndroidManifest.xml
	android:minSdkVersion
		ADDED from src\main\AndroidManifest.xml:8:9-34
		INJECTED from src\main\AndroidManifest.xml
		INJECTED from src\main\AndroidManifest.xml
uses-permission#android.permission.VIBRATE
ADDED from src\main\AndroidManifest.xml:12:5-13:23
	android:name
		ADDED from src\main\AndroidManifest.xml:12:22-63
permission#com.duguang.baseanimation.permission.JPUSH_MESSAGE
ADDED from src\main\AndroidManifest.xml:17:5-19:47
	android:protectionLevel
		ADDED from src\main\AndroidManifest.xml:19:9-44
	android:name
		ADDED from src\main\AndroidManifest.xml:18:9-74
uses-permission#android.permission.SYSTEM_ALERT_WINDOW
ADDED from src\main\AndroidManifest.xml:22:5-78
	android:name
		ADDED from src\main\AndroidManifest.xml:22:22-75
uses-permission#com.android.vending.BILLING
ADDED from src\main\AndroidManifest.xml:23:5-67
	android:name
		ADDED from src\main\AndroidManifest.xml:23:22-64
uses-permission#com.duguang.baseanimation.permission.JPUSH_MESSAGE
ADDED from src\main\AndroidManifest.xml:26:5-90
	android:name
		ADDED from src\main\AndroidManifest.xml:26:22-87
uses-permission#android.permission.RECEIVE_USER_PRESENT
ADDED from src\main\AndroidManifest.xml:27:5-79
	android:name
		ADDED from src\main\AndroidManifest.xml:27:22-76
uses-permission#android.permission.INTERNET
ADDED from src\main\AndroidManifest.xml:28:5-67
	android:name
		ADDED from src\main\AndroidManifest.xml:28:22-64
uses-permission#android.permission.WAKE_LOCK
ADDED from src\main\AndroidManifest.xml:29:5-68
	android:name
		ADDED from src\main\AndroidManifest.xml:29:22-65
uses-permission#android.permission.READ_PHONE_STATE
ADDED from src\main\AndroidManifest.xml:30:5-75
	android:name
		ADDED from src\main\AndroidManifest.xml:30:22-72
uses-permission#android.permission.WRITE_EXTERNAL_STORAGE
ADDED from src\main\AndroidManifest.xml:31:5-81
	android:name
		ADDED from src\main\AndroidManifest.xml:31:22-78
uses-permission#android.permission.READ_EXTERNAL_STORAGE
ADDED from src\main\AndroidManifest.xml:32:5-80
	android:name
		ADDED from src\main\AndroidManifest.xml:32:22-77
uses-permission#android.permission.MOUNT_UNMOUNT_FILESYSTEMS
ADDED from src\main\AndroidManifest.xml:34:5-84
	android:name
		ADDED from src\main\AndroidManifest.xml:34:22-81
uses-permission#android.permission.ACCESS_NETWORK_STATE
ADDED from src\main\AndroidManifest.xml:35:5-79
	android:name
		ADDED from src\main\AndroidManifest.xml:35:22-76
uses-permission#android.permission.ACCESS_COARSE_LOCATION
ADDED from src\main\AndroidManifest.xml:39:5-81
	android:name
		ADDED from src\main\AndroidManifest.xml:39:22-78
uses-permission#android.permission.ACCESS_WIFI_STATE
ADDED from src\main\AndroidManifest.xml:40:5-76
	android:name
		ADDED from src\main\AndroidManifest.xml:40:22-73
uses-permission#android.permission.CHANGE_WIFI_STATE
ADDED from src\main\AndroidManifest.xml:41:5-76
	android:name
		ADDED from src\main\AndroidManifest.xml:41:22-73
uses-permission#android.permission.ACCESS_FINE_LOCATION
ADDED from src\main\AndroidManifest.xml:42:5-79
	android:name
		ADDED from src\main\AndroidManifest.xml:42:22-76
uses-permission#android.permission.ACCESS_LOCATION_EXTRA_COMMANDS
ADDED from src\main\AndroidManifest.xml:43:5-89
	android:name
		ADDED from src\main\AndroidManifest.xml:43:22-86
uses-permission#android.permission.CHANGE_NETWORK_STATE
ADDED from src\main\AndroidManifest.xml:44:5-79
	android:name
		ADDED from src\main\AndroidManifest.xml:44:22-76
application
ADDED from src\main\AndroidManifest.xml:60:5-544:19
MERGED from [MyApplication:finalsharescomBAnim_FilpLibrary:unspecified] AndroidManifest.xml:11:5-15:19
MERGED from [com.android.support:appcompat-v7:21.0.0] AndroidManifest.xml:16:5-19
MERGED from [com.android.support:support-v4:21.0.2] AndroidManifest.xml:16:5-19
MERGED from [com.android.support:support-v4:21.0.2] AndroidManifest.xml:16:5-19
MERGED from [com.android.support:appcompat-v7:21.0.0] AndroidManifest.xml:16:5-19
MERGED from [com.android.support:support-v4:21.0.2] AndroidManifest.xml:16:5-19
	android:label
		ADDED from src\main\AndroidManifest.xml:63:9-41
	android:allowBackup
		ADDED from src\main\AndroidManifest.xml:61:9-35
	android:icon
		ADDED from src\main\AndroidManifest.xml:62:9-45
	android:theme
		ADDED from [MyApplication:finalsharescomBAnim_FilpLibrary:unspecified] AndroidManifest.xml:14:9-40
activity#com.duguang.baseanimation.ui.MainActivity
ADDED from src\main\AndroidManifest.xml:68:9-76:20
	android:label
		ADDED from src\main\AndroidManifest.xml:70:13-45
	android:name
		ADDED from src\main\AndroidManifest.xml:69:13-69
intent-filter#android.intent.action.MAIN+android.intent.category.LAUNCHER
ADDED from src\main\AndroidManifest.xml:71:13-75:29
action#android.intent.action.MAIN
ADDED from src\main\AndroidManifest.xml:72:17-69
	android:name
		ADDED from src\main\AndroidManifest.xml:72:25-66
category#android.intent.category.LAUNCHER
ADDED from src\main\AndroidManifest.xml:74:17-77
	android:name
		ADDED from src\main\AndroidManifest.xml:74:27-74
activity#com.duguang.baseanimation.ui.SimpleActivity
ADDED from src\main\AndroidManifest.xml:81:9-82:20
	android:name
		ADDED from src\main\AndroidManifest.xml:81:19-77
activity#com.duguang.baseanimation.ui.ComplexActivity
ADDED from src\main\AndroidManifest.xml:83:9-84:20
	android:name
		ADDED from src\main\AndroidManifest.xml:83:19-78
activity#com.duguang.baseanimation.ui.AboutActivity
ADDED from src\main\AndroidManifest.xml:85:9-88:20
	android:name
		ADDED from src\main\AndroidManifest.xml:86:13-70
	android:launchMode
		ADDED from src\main\AndroidManifest.xml:87:13-44
activity#com.duguang.baseanimation.ui.splash.ZakerActivity
ADDED from src\main\AndroidManifest.xml:91:9-92:20
	android:name
		ADDED from src\main\AndroidManifest.xml:91:19-83
activity#com.duguang.baseanimation.ui.splash.SplashMainActivity
ADDED from src\main\AndroidManifest.xml:93:9-94:20
	android:name
		ADDED from src\main\AndroidManifest.xml:93:19-88
activity#com.duguang.baseanimation.ui.splash.LensFocusActivity
ADDED from src\main\AndroidManifest.xml:95:9-96:20
	android:name
		ADDED from src\main\AndroidManifest.xml:95:19-87
activity#com.duguang.baseanimation.ui.splash.RotateActivity
ADDED from src\main\AndroidManifest.xml:97:9-98:20
	android:name
		ADDED from src\main\AndroidManifest.xml:97:19-84
activity#com.duguang.baseanimation.ui.splash.Rotate3DActivity
ADDED from src\main\AndroidManifest.xml:99:9-100:20
	android:name
		ADDED from src\main\AndroidManifest.xml:99:19-86
activity#com.duguang.baseanimation.ui.splash.ViewPagerActivity
ADDED from src\main\AndroidManifest.xml:101:9-102:20
	android:name
		ADDED from src\main\AndroidManifest.xml:101:19-87
activity#com.duguang.baseanimation.ui.splash.splitActivity.Activity1
ADDED from src\main\AndroidManifest.xml:103:9-96
	android:name
		ADDED from src\main\AndroidManifest.xml:103:19-93
activity#com.duguang.baseanimation.ui.splash.splitActivity.Activity2
ADDED from src\main\AndroidManifest.xml:104:9-96
	android:name
		ADDED from src\main\AndroidManifest.xml:104:19-93
activity#com.duguang.baseanimation.ui.splash.splitActivity.Activity3
ADDED from src\main\AndroidManifest.xml:105:9-96
	android:name
		ADDED from src\main\AndroidManifest.xml:105:19-93
activity#com.duguang.baseanimation.ui.splash.splitActivity.Activity4
ADDED from src\main\AndroidManifest.xml:106:9-96
	android:name
		ADDED from src\main\AndroidManifest.xml:106:19-93
activity#com.duguang.baseanimation.ui.splash.fade.FadeMainActivity
ADDED from src\main\AndroidManifest.xml:107:9-94
	android:name
		ADDED from src\main\AndroidManifest.xml:107:19-91
activity#com.duguang.baseanimation.ui.splash.fade.FadeSplashScreenActivity
ADDED from src\main\AndroidManifest.xml:108:9-102
	android:name
		ADDED from src\main\AndroidManifest.xml:108:19-99
activity#com.duguang.baseanimation.ui.splash.fade2.Fade2MainActivity
ADDED from src\main\AndroidManifest.xml:109:9-96
	android:name
		ADDED from src\main\AndroidManifest.xml:109:19-93
activity#com.duguang.baseanimation.ui.flip.FlipMainActivity
ADDED from src\main\AndroidManifest.xml:115:9-87
	android:name
		ADDED from src\main\AndroidManifest.xml:115:19-84
activity#com.duguang.baseanimation.ui.flip.FlipTextViewActivity
ADDED from src\main\AndroidManifest.xml:116:9-91
	android:name
		ADDED from src\main\AndroidManifest.xml:116:19-88
activity#com.duguang.baseanimation.ui.flip.FlipButtonActivity
ADDED from src\main\AndroidManifest.xml:117:9-89
	android:name
		ADDED from src\main\AndroidManifest.xml:117:19-86
activity#com.duguang.baseanimation.ui.flip.FlipComplexLayoutActivity
ADDED from src\main\AndroidManifest.xml:118:9-96
	android:name
		ADDED from src\main\AndroidManifest.xml:118:19-93
activity#com.duguang.baseanimation.ui.flip.FlipDeleteAdapterActivity
ADDED from src\main\AndroidManifest.xml:119:9-96
	android:name
		ADDED from src\main\AndroidManifest.xml:119:19-93
activity#com.duguang.baseanimation.ui.flip.FlipAsyncContentActivity
ADDED from src\main\AndroidManifest.xml:120:9-95
	android:name
		ADDED from src\main\AndroidManifest.xml:120:19-92
activity#com.duguang.baseanimation.ui.flip.FlipTextViewAltActivity
ADDED from src\main\AndroidManifest.xml:121:9-94
	android:name
		ADDED from src\main\AndroidManifest.xml:121:19-91
activity#com.duguang.baseanimation.ui.flip.FlipHorizontalLayoutActivity
ADDED from src\main\AndroidManifest.xml:122:9-99
	android:name
		ADDED from src\main\AndroidManifest.xml:122:19-96
activity#com.duguang.baseanimation.ui.flip.FlipTextViewXmlActivity
ADDED from src\main\AndroidManifest.xml:123:9-94
	android:name
		ADDED from src\main\AndroidManifest.xml:123:19-91
activity#com.duguang.baseanimation.ui.flip.Issue5Activity
ADDED from src\main\AndroidManifest.xml:124:9-85
	android:name
		ADDED from src\main\AndroidManifest.xml:124:19-82
activity#com.duguang.baseanimation.ui.flip.FlipFragmentActivity
ADDED from src\main\AndroidManifest.xml:125:9-91
	android:name
		ADDED from src\main\AndroidManifest.xml:125:19-88
activity#com.duguang.baseanimation.ui.flip.FlipDynamicAdapterActivity
ADDED from src\main\AndroidManifest.xml:126:9-97
	android:name
		ADDED from src\main\AndroidManifest.xml:126:19-94
activity#com.duguang.baseanimation.ui.flip.FlipWebViewActivity
ADDED from src\main\AndroidManifest.xml:127:9-90
	android:name
		ADDED from src\main\AndroidManifest.xml:127:19-87
activity#com.duguang.baseanimation.ui.flip.Issue51Activity
ADDED from src\main\AndroidManifest.xml:128:9-86
	android:name
		ADDED from src\main\AndroidManifest.xml:128:19-83
activity#com.duguang.baseanimation.ui.imitate.ImitateMainActivity
ADDED from src\main\AndroidManifest.xml:133:9-135:47
	android:name
		ADDED from src\main\AndroidManifest.xml:134:13-84
	android:launchMode
		ADDED from src\main\AndroidManifest.xml:135:13-44
activity#com.duguang.baseanimation.ui.imitate.OutTicketActivity
ADDED from src\main\AndroidManifest.xml:136:9-138:47
	android:name
		ADDED from src\main\AndroidManifest.xml:137:13-82
	android:launchMode
		ADDED from src\main\AndroidManifest.xml:138:13-44
activity#com.duguang.baseanimation.ui.imitate.TaobaoPathbutton.TaobaoActivity
ADDED from src\main\AndroidManifest.xml:139:9-141:47
	android:name
		ADDED from src\main\AndroidManifest.xml:140:13-96
	android:launchMode
		ADDED from src\main\AndroidManifest.xml:141:13-44
activity#com.duguang.baseanimation.ui.imitate.YouKuActivity
ADDED from src\main\AndroidManifest.xml:142:9-144:47
	android:name
		ADDED from src\main\AndroidManifest.xml:143:13-78
	android:launchMode
		ADDED from src\main\AndroidManifest.xml:144:13-44
activity#com.duguang.baseanimation.ui.imitate.SpinnerMainActivity
ADDED from src\main\AndroidManifest.xml:145:9-147:47
	android:name
		ADDED from src\main\AndroidManifest.xml:146:13-84
	android:launchMode
		ADDED from src\main\AndroidManifest.xml:147:13-44
activity#com.duguang.baseanimation.ui.imitate.gallery.GalleryMainActivity
ADDED from src\main\AndroidManifest.xml:148:9-150:47
	android:name
		ADDED from src\main\AndroidManifest.xml:149:13-92
	android:launchMode
		ADDED from src\main\AndroidManifest.xml:150:13-44
activity#com.duguang.baseanimation.ui.imitate.RadarMainActivity
ADDED from src\main\AndroidManifest.xml:151:9-153:47
	android:name
		ADDED from src\main\AndroidManifest.xml:152:13-82
	android:launchMode
		ADDED from src\main\AndroidManifest.xml:153:13-44
activity#com.duguang.baseanimation.ui.imitate.counter.CalculatorActivity
ADDED from src\main\AndroidManifest.xml:154:9-100
	android:name
		ADDED from src\main\AndroidManifest.xml:154:19-97
activity#com.duguang.baseanimation.ui.imitate.counter.HelpAboutActivity
ADDED from src\main\AndroidManifest.xml:155:9-99
	android:name
		ADDED from src\main\AndroidManifest.xml:155:19-96
activity#com.duguang.baseanimation.ui.imitate.counter.MoreFunctionsActivity
ADDED from src\main\AndroidManifest.xml:156:9-103
	android:name
		ADDED from src\main\AndroidManifest.xml:156:19-100
activity#com.duguang.baseanimation.ui.imitate.biaopan.BiaoPanMainActivity
ADDED from src\main\AndroidManifest.xml:157:9-101
	android:name
		ADDED from src\main\AndroidManifest.xml:157:19-98
activity#com.duguang.baseanimation.ui.imitate.waterfall.WaterfallMainActivity
ADDED from src\main\AndroidManifest.xml:158:9-105
	android:name
		ADDED from src\main\AndroidManifest.xml:158:19-102
activity#com.duguang.baseanimation.ui.imitate.fang360.RootblockMainActivity
ADDED from src\main\AndroidManifest.xml:159:9-103
	android:name
		ADDED from src\main\AndroidManifest.xml:159:19-100
activity#com.duguang.baseanimation.ui.imitate.wheel.WheelMainActivity
ADDED from src\main\AndroidManifest.xml:160:9-97
	android:name
		ADDED from src\main\AndroidManifest.xml:160:19-94
activity#com.duguang.baseanimation.ui.imitate.widget.WidgetMainActivity
ADDED from src\main\AndroidManifest.xml:161:9-99
	android:name
		ADDED from src\main\AndroidManifest.xml:161:19-96
activity#com.duguang.baseanimation.ui.imitate.weixin.WeixinChatDemoActivity
ADDED from src\main\AndroidManifest.xml:162:9-103
	android:name
		ADDED from src\main\AndroidManifest.xml:162:19-100
activity#com.duguang.baseanimation.ui.imitate.viberation.ViberationMain
ADDED from src\main\AndroidManifest.xml:163:9-99
	android:name
		ADDED from src\main\AndroidManifest.xml:163:19-96
activity#com.duguang.baseanimation.ui.imitate.SlidingDrawerMainActivity
ADDED from src\main\AndroidManifest.xml:164:9-99
	android:name
		ADDED from src\main\AndroidManifest.xml:164:19-96
activity#com.duguang.baseanimation.ui.imitate.taobaoPath2.PathMenuMainActivity
ADDED from src\main\AndroidManifest.xml:165:9-106
	android:name
		ADDED from src\main\AndroidManifest.xml:165:19-103
activity#com.duguang.baseanimation.ui.listivew.ListViewMani
ADDED from src\main\AndroidManifest.xml:171:9-173:47
	android:name
		ADDED from src\main\AndroidManifest.xml:172:13-78
	android:launchMode
		ADDED from src\main\AndroidManifest.xml:173:13-44
activity#com.duguang.baseanimation.ui.listivew.deletelistview.DeleteListViewMainActivity
ADDED from src\main\AndroidManifest.xml:174:9-176:47
	android:name
		ADDED from src\main\AndroidManifest.xml:175:13-107
	android:launchMode
		ADDED from src\main\AndroidManifest.xml:176:13-44
activity#com.duguang.baseanimation.ui.listivew.refresh.RefreshMainActivity
ADDED from src\main\AndroidManifest.xml:177:9-179:47
	android:name
		ADDED from src\main\AndroidManifest.xml:178:13-93
	android:launchMode
		ADDED from src\main\AndroidManifest.xml:179:13-44
activity#com.duguang.baseanimation.ui.listivew.sortlistview.SortListViewMainActivity
ADDED from src\main\AndroidManifest.xml:180:9-182:47
	android:name
		ADDED from src\main\AndroidManifest.xml:181:13-103
	android:launchMode
		ADDED from src\main\AndroidManifest.xml:182:13-44
activity#com.duguang.baseanimation.ui.listivew.indexlistview.IndexMainActivity
ADDED from src\main\AndroidManifest.xml:183:9-185:47
	android:name
		ADDED from src\main\AndroidManifest.xml:184:13-97
	android:launchMode
		ADDED from src\main\AndroidManifest.xml:185:13-44
activity#com.duguang.baseanimation.ui.listivew.deleteleft.DeleteLeftMainActivity
ADDED from src\main\AndroidManifest.xml:186:9-188:47
	android:name
		ADDED from src\main\AndroidManifest.xml:187:13-99
	android:launchMode
		ADDED from src\main\AndroidManifest.xml:188:13-44
activity#com.duguang.baseanimation.ui.listivew.deletealpha.DeleteAlphaMainActivity
ADDED from src\main\AndroidManifest.xml:189:9-191:47
	android:name
		ADDED from src\main\AndroidManifest.xml:190:13-101
	android:launchMode
		ADDED from src\main\AndroidManifest.xml:191:13-44
activity#com.duguang.baseanimation.ui.listivew.listviews.ListViewsMainActivity
ADDED from src\main\AndroidManifest.xml:192:9-194:47
	android:theme
		ADDED from src\main\AndroidManifest.xml:194:13-44
	android:name
		ADDED from src\main\AndroidManifest.xml:193:13-97
activity#com.duguang.baseanimation.ui.listivew.listviews.MyListActivity
ADDED from src\main\AndroidManifest.xml:195:9-99
	android:name
		ADDED from src\main\AndroidManifest.xml:195:19-96
activity#com.duguang.baseanimation.ui.listivew.listviews.appearanceexamples.AppearanceExamplesActivity
ADDED from src\main\AndroidManifest.xml:196:9-198:50
	android:label
		ADDED from src\main\AndroidManifest.xml:198:13-47
	android:name
		ADDED from src\main\AndroidManifest.xml:197:13-121
activity#com.duguang.baseanimation.ui.listivew.listviews.GoogleCardsActivity
ADDED from src\main\AndroidManifest.xml:199:9-201:51
	android:label
		ADDED from src\main\AndroidManifest.xml:201:13-48
	android:name
		ADDED from src\main\AndroidManifest.xml:200:13-95
activity#com.duguang.baseanimation.ui.listivew.listviews.itemmanipulationexamples.ItemManipulationsExamplesActivity
ADDED from src\main\AndroidManifest.xml:202:9-204:56
	android:label
		ADDED from src\main\AndroidManifest.xml:204:13-53
	android:name
		ADDED from src\main\AndroidManifest.xml:203:13-134
activity#com.duguang.baseanimation.ui.listivew.listviews.itemmanipulationexamples.DragAndDropActivity
ADDED from src\main\AndroidManifest.xml:205:9-207:51
	android:label
		ADDED from src\main\AndroidManifest.xml:207:13-48
	android:name
		ADDED from src\main\AndroidManifest.xml:206:13-120
activity#com.duguang.baseanimation.ui.listivew.listviews.itemmanipulationexamples.SwipeDismissActivity
ADDED from src\main\AndroidManifest.xml:208:9-210:52
	android:label
		ADDED from src\main\AndroidManifest.xml:210:13-49
	android:name
		ADDED from src\main\AndroidManifest.xml:209:13-121
activity#com.duguang.baseanimation.ui.listivew.listviews.itemmanipulationexamples.AnimateDismissActivity
ADDED from src\main\AndroidManifest.xml:211:9-213:54
	android:label
		ADDED from src\main\AndroidManifest.xml:213:13-51
	android:name
		ADDED from src\main\AndroidManifest.xml:212:13-123
activity#com.duguang.baseanimation.ui.listivew.listviews.GridViewActivity
ADDED from src\main\AndroidManifest.xml:214:9-216:55
	android:label
		ADDED from src\main\AndroidManifest.xml:216:13-52
	android:name
		ADDED from src\main\AndroidManifest.xml:215:13-92
activity#com.duguang.baseanimation.ui.listivew.listviews.itemmanipulationexamples.ExpandableListItemActivity
ADDED from src\main\AndroidManifest.xml:217:9-219:65
	android:label
		ADDED from src\main\AndroidManifest.xml:219:13-62
	android:name
		ADDED from src\main\AndroidManifest.xml:218:13-127
activity#com.duguang.baseanimation.ui.listivew.interceptor.ListViewInterceptorMainActivity
ADDED from src\main\AndroidManifest.xml:220:9-118
	android:name
		ADDED from src\main\AndroidManifest.xml:220:19-115
activity#com.duguang.baseanimation.ui.listivew.listforpage.ListForPageMainActivity
ADDED from src\main\AndroidManifest.xml:221:9-110
	android:name
		ADDED from src\main\AndroidManifest.xml:221:19-107
activity#com.duguang.baseanimation.ui.customview.CustomViewMainActivity
ADDED from src\main\AndroidManifest.xml:227:9-99
	android:name
		ADDED from src\main\AndroidManifest.xml:227:19-96
activity#com.duguang.baseanimation.ui.customview.clickdeflect.ClickDeflectActivity
ADDED from src\main\AndroidManifest.xml:228:9-110
	android:name
		ADDED from src\main\AndroidManifest.xml:228:19-107
activity#com.duguang.baseanimation.ui.customview.morecustom.MoreCustomMainActivity
ADDED from src\main\AndroidManifest.xml:229:9-110
	android:name
		ADDED from src\main\AndroidManifest.xml:229:19-107
activity#com.duguang.baseanimation.ui.customview.circlemenu.CircleMenuMainActivity
ADDED from src\main\AndroidManifest.xml:230:9-110
	android:name
		ADDED from src\main\AndroidManifest.xml:230:19-107
activity#com.duguang.baseanimation.ui.customview.titlelistview.TitleListViewMainActivity
ADDED from src\main\AndroidManifest.xml:231:9-116
	android:name
		ADDED from src\main\AndroidManifest.xml:231:19-113
activity#com.duguang.baseanimation.ui.customview.gallerylistview.GalleryListViewMain
ADDED from src\main\AndroidManifest.xml:232:9-112
	android:name
		ADDED from src\main\AndroidManifest.xml:232:19-109
activity#com.duguang.baseanimation.ui.customview.ribbomenu.RibbonMainActivity
ADDED from src\main\AndroidManifest.xml:233:9-105
	android:name
		ADDED from src\main\AndroidManifest.xml:233:19-102
activity#com.duguang.baseanimation.ui.customview.hscrollview.ScrollviewMainActivity
ADDED from src\main\AndroidManifest.xml:234:9-111
	android:name
		ADDED from src\main\AndroidManifest.xml:234:19-108
activity#com.duguang.baseanimation.ui.customview.progressbar.ProgressBarMain
ADDED from src\main\AndroidManifest.xml:235:9-104
	android:name
		ADDED from src\main\AndroidManifest.xml:235:19-101
activity#com.duguang.baseanimation.ui.customview.progressbar.ProgressBar_Color
ADDED from src\main\AndroidManifest.xml:236:9-106
	android:name
		ADDED from src\main\AndroidManifest.xml:236:19-103
activity#com.duguang.baseanimation.ui.customview.progressbar.ProgressBar_Indeter
ADDED from src\main\AndroidManifest.xml:237:9-108
	android:name
		ADDED from src\main\AndroidManifest.xml:237:19-105
activity#com.duguang.baseanimation.ui.customview.progressbar.ProgressBar_Left
ADDED from src\main\AndroidManifest.xml:238:9-105
	android:name
		ADDED from src\main\AndroidManifest.xml:238:19-102
activity#com.duguang.baseanimation.ui.customview.progressbar.ProgressBar_Right
ADDED from src\main\AndroidManifest.xml:239:9-106
	android:name
		ADDED from src\main\AndroidManifest.xml:239:19-103
activity#com.duguang.baseanimation.ui.customview.lodingdialog.LoadingDialogMainActivity
ADDED from src\main\AndroidManifest.xml:240:9-115
	android:name
		ADDED from src\main\AndroidManifest.xml:240:19-112
activity#com.duguang.baseanimation.ui.customview.popwindow.PoupWindowMainActivity
ADDED from src\main\AndroidManifest.xml:241:9-109
	android:name
		ADDED from src\main\AndroidManifest.xml:241:19-106
activity#com.duguang.baseanimation.ui.customview.DialogsMainActivity
ADDED from src\main\AndroidManifest.xml:242:9-96
	android:name
		ADDED from src\main\AndroidManifest.xml:242:19-93
activity#com.duguang.baseanimation.ui.customview.yzhou.TwoSidedViewActivity
ADDED from src\main\AndroidManifest.xml:243:9-103
	android:name
		ADDED from src\main\AndroidManifest.xml:243:19-100
activity#com.duguang.baseanimation.ui.customview.TransparentPopWindowMenu
ADDED from src\main\AndroidManifest.xml:244:9-101
	android:name
		ADDED from src\main\AndroidManifest.xml:244:19-98
activity#com.duguang.baseanimation.ui.customview.serchfly.SearchFlyActivity
ADDED from src\main\AndroidManifest.xml:245:9-103
	android:name
		ADDED from src\main\AndroidManifest.xml:245:19-100
activity#com.duguang.baseanimation.ui.customview.badger.BadgerMainActivity
ADDED from src\main\AndroidManifest.xml:246:9-102
	android:name
		ADDED from src\main\AndroidManifest.xml:246:19-99
activity#com.duguang.baseanimation.ui.customview.switchs.SwitchMainActivity
ADDED from src\main\AndroidManifest.xml:247:9-103
	android:name
		ADDED from src\main\AndroidManifest.xml:247:19-100
activity#com.duguang.baseanimation.ui.customview.milaucher.MiLaucherMainActivity
ADDED from src\main\AndroidManifest.xml:248:3-102
	android:name
		ADDED from src\main\AndroidManifest.xml:248:13-99
activity#com.duguang.baseanimation.ui.tab.TabMainActivity
ADDED from src\main\AndroidManifest.xml:254:9-85
	android:name
		ADDED from src\main\AndroidManifest.xml:254:19-82
activity#com.duguang.baseanimation.ui.tab.WinterMainActivity
ADDED from src\main\AndroidManifest.xml:255:9-88
	android:name
		ADDED from src\main\AndroidManifest.xml:255:19-85
activity#com.duguang.baseanimation.ui.tab.scroll.ScrollViewMainActivity
ADDED from src\main\AndroidManifest.xml:256:9-99
	android:name
		ADDED from src\main\AndroidManifest.xml:256:19-96
activity#com.duguang.baseanimation.ui.tab.gviewpager.GViewPagerMainActivity
ADDED from src\main\AndroidManifest.xml:257:9-103
	android:name
		ADDED from src\main\AndroidManifest.xml:257:19-100
activity#com.duguang.baseanimation.ui.tab.gviewpager.GViewPagerMainActivityOne
ADDED from src\main\AndroidManifest.xml:258:9-106
	android:name
		ADDED from src\main\AndroidManifest.xml:258:19-103
activity#com.duguang.baseanimation.ui.tab.gviewpager.GViewPagerMainActivityTwo
ADDED from src\main\AndroidManifest.xml:259:9-106
	android:name
		ADDED from src\main\AndroidManifest.xml:259:19-103
activity#com.duguang.baseanimation.ui.tab.tabhost.TabHostMoveMainActivity
ADDED from src\main\AndroidManifest.xml:260:3-95
	android:name
		ADDED from src\main\AndroidManifest.xml:260:13-92
activity#com.duguang.baseanimation.ui.nineold.NineOldMani
ADDED from src\main\AndroidManifest.xml:267:9-275:20
	android:label
		ADDED from src\main\AndroidManifest.xml:269:13-34
	android:name
		ADDED from src\main\AndroidManifest.xml:268:13-76
intent-filter#android.intent.action.MAIN+com.duguang.baseanimation
ADDED from src\main\AndroidManifest.xml:270:13-274:29
category#com.duguang.baseanimation
ADDED from src\main\AndroidManifest.xml:273:17-70
	android:name
		ADDED from src\main\AndroidManifest.xml:273:27-67
activity#com.duguang.baseanimation.ui.nineold.Toggles
ADDED from src\main\AndroidManifest.xml:276:9-284:20
	android:label
		ADDED from src\main\AndroidManifest.xml:278:13-36
	android:name
		ADDED from src\main\AndroidManifest.xml:277:13-72
activity#com.duguang.baseanimation.ui.nineold.VPADemo
ADDED from src\main\AndroidManifest.xml:285:9-293:20
	android:label
		ADDED from src\main\AndroidManifest.xml:287:13-54
	android:name
		ADDED from src\main\AndroidManifest.xml:286:13-72
activity#com.duguang.baseanimation.ui.nineold.apidemos.AnimationCloning
ADDED from src\main\AndroidManifest.xml:296:9-304:20
	android:label
		ADDED from src\main\AndroidManifest.xml:298:13-56
	android:name
		ADDED from src\main\AndroidManifest.xml:297:13-90
activity#com.duguang.baseanimation.ui.nineold.apidemos.AnimationLoading
ADDED from src\main\AndroidManifest.xml:305:9-313:20
	android:label
		ADDED from src\main\AndroidManifest.xml:307:13-56
	android:name
		ADDED from src\main\AndroidManifest.xml:306:13-90
activity#com.duguang.baseanimation.ui.nineold.apidemos.AnimationSeeking
ADDED from src\main\AndroidManifest.xml:314:9-322:20
	android:label
		ADDED from src\main\AndroidManifest.xml:316:13-56
	android:name
		ADDED from src\main\AndroidManifest.xml:315:13-90
activity#com.duguang.baseanimation.ui.nineold.apidemos.AnimatorEvents
ADDED from src\main\AndroidManifest.xml:323:9-331:20
	android:label
		ADDED from src\main\AndroidManifest.xml:325:13-54
	android:name
		ADDED from src\main\AndroidManifest.xml:324:13-88
activity#com.duguang.baseanimation.ui.nineold.apidemos.BouncingBalls
ADDED from src\main\AndroidManifest.xml:332:9-340:20
	android:label
		ADDED from src\main\AndroidManifest.xml:334:13-53
	android:name
		ADDED from src\main\AndroidManifest.xml:333:13-87
activity#com.duguang.baseanimation.ui.nineold.apidemos.CustomEvaluator
ADDED from src\main\AndroidManifest.xml:341:9-349:20
	android:label
		ADDED from src\main\AndroidManifest.xml:343:13-55
	android:name
		ADDED from src\main\AndroidManifest.xml:342:13-89
activity#com.duguang.baseanimation.ui.nineold.apidemos.MultiPropertyAnimation
ADDED from src\main\AndroidManifest.xml:350:9-358:20
	android:label
		ADDED from src\main\AndroidManifest.xml:352:13-63
	android:name
		ADDED from src\main\AndroidManifest.xml:351:13-96
activity#com.duguang.baseanimation.ui.nineold.apidemos.ReversingAnimation
ADDED from src\main\AndroidManifest.xml:359:9-367:20
	android:label
		ADDED from src\main\AndroidManifest.xml:361:13-58
	android:name
		ADDED from src\main\AndroidManifest.xml:360:13-92
activity#com.duguang.baseanimation.ui.nineold.droidflakes.Droidflakes
ADDED from src\main\AndroidManifest.xml:370:9-378:20
	android:label
		ADDED from src\main\AndroidManifest.xml:372:13-41
	android:name
		ADDED from src\main\AndroidManifest.xml:371:13-88